[0.090s] DEBUG:colcon:Command line arguments: ['/usr/bin/colcon', 'build']
[0.090s] DEBUG:colcon:Parsed command line arguments: Namespace(log_base=None, log_level=None, verb_name='build', build_base='build', install_base='install', merge_install=False, symlink_install=False, test_result_base=None, continue_on_error=False, executor='parallel', parallel_workers=8, event_handlers=None, ignore_user_meta=False, metas=['./colcon.meta'], base_paths=['.'], packages_ignore=None, packages_ignore_regex=None, paths=None, packages_up_to=None, packages_up_to_regex=None, packages_above=None, packages_above_and_dependencies=None, packages_above_depth=None, packages_select_by_dep=None, packages_skip_by_dep=None, packages_skip_up_to=None, packages_select_build_failed=False, packages_skip_build_finished=False, packages_select_test_failures=False, packages_skip_test_passed=False, packages_select=None, packages_skip=None, packages_select_regex=None, packages_skip_regex=None, packages_start=None, packages_end=None, allow_overriding=[], cmake_args=None, cmake_target=None, cmake_target_skip_unavailable=False, cmake_clean_cache=False, cmake_clean_first=False, cmake_force_configure=False, ament_cmake_args=None, catkin_cmake_args=None, catkin_skip_building_tests=False, mixin_files=None, mixin=None, verb_parser=<colcon_mixin.mixin.mixin_argument.MixinArgumentDecorator object at 0x77f14df5aaa0>, verb_extension=<colcon_core.verb.build.BuildVerb object at 0x77f14df5a0e0>, main=<bound method BuildVerb.main of <colcon_core.verb.build.BuildVerb object at 0x77f14df5a0e0>>, mixin_verb=('build',))
[0.230s] Level 1:colcon.colcon_core.package_discovery:discover_packages(colcon_meta) check parameters
[0.231s] Level 1:colcon.colcon_core.package_discovery:discover_packages(recursive) check parameters
[0.231s] Level 1:colcon.colcon_core.package_discovery:discover_packages(ignore) check parameters
[0.231s] Level 1:colcon.colcon_core.package_discovery:discover_packages(path) check parameters
[0.231s] Level 1:colcon.colcon_core.package_discovery:discover_packages(colcon_meta) discover
[0.231s] Level 1:colcon.colcon_core.package_discovery:discover_packages(recursive) discover
[0.231s] INFO:colcon.colcon_core.package_discovery:Crawling recursively for packages in '/home/son/analyze_dashboard_pkg'
[0.231s] Level 1:colcon.colcon_core.package_identification:_identify(.) by extensions ['ignore', 'ignore_ament_install']
[0.231s] Level 1:colcon.colcon_core.package_identification:_identify(.) by extension 'ignore'
[0.231s] Level 1:colcon.colcon_core.package_identification:_identify(.) by extension 'ignore_ament_install'
[0.231s] Level 1:colcon.colcon_core.package_identification:_identify(.) by extensions ['colcon_pkg']
[0.231s] Level 1:colcon.colcon_core.package_identification:_identify(.) by extension 'colcon_pkg'
[0.231s] Level 1:colcon.colcon_core.package_identification:_identify(.) by extensions ['colcon_meta']
[0.231s] Level 1:colcon.colcon_core.package_identification:_identify(.) by extension 'colcon_meta'
[0.231s] Level 1:colcon.colcon_core.package_identification:_identify(.) by extensions ['ros']
[0.231s] Level 1:colcon.colcon_core.package_identification:_identify(.) by extension 'ros'
[0.242s] DEBUG:colcon.colcon_core.package_identification:Package '.' with type 'ros.catkin' and name 'analyze_dashboard_pkg'
[0.242s] Level 1:colcon.colcon_core.package_discovery:discover_packages(recursive) using defaults
[0.242s] Level 1:colcon.colcon_core.package_discovery:discover_packages(ignore) discover
[0.242s] Level 1:colcon.colcon_core.package_discovery:discover_packages(ignore) using defaults
[0.242s] Level 1:colcon.colcon_core.package_discovery:discover_packages(path) discover
[0.242s] Level 1:colcon.colcon_core.package_discovery:discover_packages(path) using defaults
[0.268s] Level 1:colcon.colcon_core.package_discovery:discover_packages(prefix_path) check parameters
[0.268s] Level 1:colcon.colcon_core.package_discovery:discover_packages(prefix_path) discover
[0.269s] DEBUG:colcon.colcon_installed_package_information.package_discovery:Found 2 installed packages in /home/son/install
[0.270s] DEBUG:colcon.colcon_installed_package_information.package_discovery:Found 359 installed packages in /opt/ros/humble
[0.272s] Level 1:colcon.colcon_core.package_discovery:discover_packages(prefix_path) using defaults
[0.308s] Level 5:colcon.colcon_core.verb:set package 'analyze_dashboard_pkg' build argument 'cmake_args' from command line to 'None'
[0.308s] Level 5:colcon.colcon_core.verb:set package 'analyze_dashboard_pkg' build argument 'cmake_target' from command line to 'None'
[0.308s] Level 5:colcon.colcon_core.verb:set package 'analyze_dashboard_pkg' build argument 'cmake_target_skip_unavailable' from command line to 'False'
[0.308s] Level 5:colcon.colcon_core.verb:set package 'analyze_dashboard_pkg' build argument 'cmake_clean_cache' from command line to 'False'
[0.309s] Level 5:colcon.colcon_core.verb:set package 'analyze_dashboard_pkg' build argument 'cmake_clean_first' from command line to 'False'
[0.309s] Level 5:colcon.colcon_core.verb:set package 'analyze_dashboard_pkg' build argument 'cmake_force_configure' from command line to 'False'
[0.309s] Level 5:colcon.colcon_core.verb:set package 'analyze_dashboard_pkg' build argument 'ament_cmake_args' from command line to 'None'
[0.309s] Level 5:colcon.colcon_core.verb:set package 'analyze_dashboard_pkg' build argument 'catkin_cmake_args' from command line to 'None'
[0.309s] Level 5:colcon.colcon_core.verb:set package 'analyze_dashboard_pkg' build argument 'catkin_skip_building_tests' from command line to 'False'
[0.309s] DEBUG:colcon.colcon_core.verb:Building package 'analyze_dashboard_pkg' with the following arguments: {'ament_cmake_args': None, 'build_base': '/home/son/analyze_dashboard_pkg/build/analyze_dashboard_pkg', 'catkin_cmake_args': None, 'catkin_skip_building_tests': False, 'cmake_args': None, 'cmake_clean_cache': False, 'cmake_clean_first': False, 'cmake_force_configure': False, 'cmake_target': None, 'cmake_target_skip_unavailable': False, 'install_base': '/home/son/analyze_dashboard_pkg/install/analyze_dashboard_pkg', 'merge_install': False, 'path': '/home/son/analyze_dashboard_pkg', 'symlink_install': False, 'test_result_base': None}
[0.309s] INFO:colcon.colcon_core.executor:Executing jobs using 'parallel' executor
[0.310s] DEBUG:colcon.colcon_parallel_executor.executor.parallel:run_until_complete
[0.310s] INFO:colcon.colcon_ros.task.catkin.build:Building ROS package in '/home/son/analyze_dashboard_pkg' with build type 'catkin'
[0.310s] INFO:colcon.colcon_cmake.task.cmake.build:Building CMake package in '/home/son/analyze_dashboard_pkg'
[0.312s] INFO:colcon.colcon_core.plugin_system:Skipping extension 'colcon_core.shell.bat': Not used on non-Windows systems
[0.312s] INFO:colcon.colcon_core.shell:Skip shell extension 'powershell' for command environment: Not usable outside of PowerShell
[0.312s] DEBUG:colcon.colcon_core.shell:Skip shell extension 'dsv' for command environment
[0.325s] DEBUG:colcon.colcon_core.event_handler.log_command:Invoking command in '/home/son/analyze_dashboard_pkg/build/analyze_dashboard_pkg': /usr/bin/cmake /home/son/analyze_dashboard_pkg -DCATKIN_INSTALL_INTO_PREFIX_ROOT=0 -DCMAKE_INSTALL_PREFIX=/home/son/analyze_dashboard_pkg/install/analyze_dashboard_pkg
[1.015s] DEBUG:colcon.colcon_core.event_handler.log_command:Invoked command in '/home/son/analyze_dashboard_pkg/build/analyze_dashboard_pkg' returned '0': /usr/bin/cmake /home/son/analyze_dashboard_pkg -DCATKIN_INSTALL_INTO_PREFIX_ROOT=0 -DCMAKE_INSTALL_PREFIX=/home/son/analyze_dashboard_pkg/install/analyze_dashboard_pkg
[1.016s] DEBUG:colcon.colcon_core.event_handler.log_command:Invoking command in '/home/son/analyze_dashboard_pkg/build/analyze_dashboard_pkg': /usr/bin/cmake --build /home/son/analyze_dashboard_pkg/build/analyze_dashboard_pkg -- -j8 -l8
[1.060s] DEBUG:colcon.colcon_core.event_handler.log_command:Invoked command in '/home/son/analyze_dashboard_pkg/build/analyze_dashboard_pkg' returned '0': /usr/bin/cmake --build /home/son/analyze_dashboard_pkg/build/analyze_dashboard_pkg -- -j8 -l8
[1.071s] DEBUG:colcon.colcon_core.event_handler.log_command:Invoking command in '/home/son/analyze_dashboard_pkg/build/analyze_dashboard_pkg': /usr/bin/cmake --install /home/son/analyze_dashboard_pkg/build/analyze_dashboard_pkg
[1.081s] DEBUG:colcon.colcon_core.event_handler.log_command:Invoked command in '/home/son/analyze_dashboard_pkg/build/analyze_dashboard_pkg' returned '0': /usr/bin/cmake --install /home/son/analyze_dashboard_pkg/build/analyze_dashboard_pkg
[1.081s] Level 1:colcon.colcon_core.shell:create_environment_hook('analyze_dashboard_pkg', 'ros_package_path')
[1.081s] INFO:colcon.colcon_core.shell:Creating environment hook '/home/son/analyze_dashboard_pkg/install/analyze_dashboard_pkg/share/analyze_dashboard_pkg/hook/ros_package_path.ps1'
[1.082s] INFO:colcon.colcon_core.shell:Creating environment descriptor '/home/son/analyze_dashboard_pkg/install/analyze_dashboard_pkg/share/analyze_dashboard_pkg/hook/ros_package_path.dsv'
[1.082s] INFO:colcon.colcon_core.shell:Creating environment hook '/home/son/analyze_dashboard_pkg/install/analyze_dashboard_pkg/share/analyze_dashboard_pkg/hook/ros_package_path.sh'
[1.083s] Level 1:colcon.colcon_core.shell:create_environment_hook('analyze_dashboard_pkg', 'pkg_config_path')
[1.083s] INFO:colcon.colcon_core.shell:Creating environment hook '/home/son/analyze_dashboard_pkg/install/analyze_dashboard_pkg/share/analyze_dashboard_pkg/hook/pkg_config_path.ps1'
[1.083s] INFO:colcon.colcon_core.shell:Creating environment descriptor '/home/son/analyze_dashboard_pkg/install/analyze_dashboard_pkg/share/analyze_dashboard_pkg/hook/pkg_config_path.dsv'
[1.083s] INFO:colcon.colcon_core.shell:Creating environment hook '/home/son/analyze_dashboard_pkg/install/analyze_dashboard_pkg/share/analyze_dashboard_pkg/hook/pkg_config_path.sh'
[1.085s] Level 1:colcon.colcon_core.shell:create_environment_hook('analyze_dashboard_pkg', 'pkg_config_path_multiarch')
[1.085s] INFO:colcon.colcon_core.shell:Creating environment hook '/home/son/analyze_dashboard_pkg/install/analyze_dashboard_pkg/share/analyze_dashboard_pkg/hook/pkg_config_path_multiarch.ps1'
[1.086s] INFO:colcon.colcon_core.shell:Creating environment descriptor '/home/son/analyze_dashboard_pkg/install/analyze_dashboard_pkg/share/analyze_dashboard_pkg/hook/pkg_config_path_multiarch.dsv'
[1.086s] INFO:colcon.colcon_core.shell:Creating environment hook '/home/son/analyze_dashboard_pkg/install/analyze_dashboard_pkg/share/analyze_dashboard_pkg/hook/pkg_config_path_multiarch.sh'
[1.087s] Level 1:colcon.colcon_core.environment:create_environment_scripts_only(analyze_dashboard_pkg)
[1.089s] Level 1:colcon.colcon_core.environment:checking '/home/son/analyze_dashboard_pkg/install/analyze_dashboard_pkg' for CMake module files
[1.090s] Level 1:colcon.colcon_core.environment:checking '/home/son/analyze_dashboard_pkg/install/analyze_dashboard_pkg' for CMake config files
[1.090s] Level 1:colcon.colcon_core.shell:create_environment_hook('analyze_dashboard_pkg', 'cmake_prefix_path')
[1.090s] INFO:colcon.colcon_core.shell:Creating environment hook '/home/son/analyze_dashboard_pkg/install/analyze_dashboard_pkg/share/analyze_dashboard_pkg/hook/cmake_prefix_path.ps1'
[1.091s] INFO:colcon.colcon_core.shell:Creating environment descriptor '/home/son/analyze_dashboard_pkg/install/analyze_dashboard_pkg/share/analyze_dashboard_pkg/hook/cmake_prefix_path.dsv'
[1.091s] INFO:colcon.colcon_core.shell:Creating environment hook '/home/son/analyze_dashboard_pkg/install/analyze_dashboard_pkg/share/analyze_dashboard_pkg/hook/cmake_prefix_path.sh'
[1.092s] Level 1:colcon.colcon_core.environment:checking '/home/son/analyze_dashboard_pkg/install/analyze_dashboard_pkg/bin'
[1.092s] Level 1:colcon.colcon_core.environment:checking '/home/son/analyze_dashboard_pkg/install/analyze_dashboard_pkg/lib/pkgconfig/analyze_dashboard_pkg.pc'
[1.092s] Level 1:colcon.colcon_core.environment:checking '/home/son/analyze_dashboard_pkg/install/analyze_dashboard_pkg/lib/python3.10/site-packages'
[1.092s] Level 1:colcon.colcon_core.environment:checking '/home/son/analyze_dashboard_pkg/install/analyze_dashboard_pkg/bin'
[1.092s] INFO:colcon.colcon_core.shell:Creating package script '/home/son/analyze_dashboard_pkg/install/analyze_dashboard_pkg/share/analyze_dashboard_pkg/package.ps1'
[1.093s] INFO:colcon.colcon_core.shell:Creating package descriptor '/home/son/analyze_dashboard_pkg/install/analyze_dashboard_pkg/share/analyze_dashboard_pkg/package.dsv'
[1.094s] INFO:colcon.colcon_core.shell:Creating package script '/home/son/analyze_dashboard_pkg/install/analyze_dashboard_pkg/share/analyze_dashboard_pkg/package.sh'
[1.094s] INFO:colcon.colcon_core.shell:Creating package script '/home/son/analyze_dashboard_pkg/install/analyze_dashboard_pkg/share/analyze_dashboard_pkg/package.bash'
[1.095s] INFO:colcon.colcon_core.shell:Creating package script '/home/son/analyze_dashboard_pkg/install/analyze_dashboard_pkg/share/analyze_dashboard_pkg/package.zsh'
[1.095s] Level 1:colcon.colcon_core.environment:create_file_with_runtime_dependencies(/home/son/analyze_dashboard_pkg/install/analyze_dashboard_pkg/share/colcon-core/packages/analyze_dashboard_pkg)
[1.096s] DEBUG:colcon.colcon_parallel_executor.executor.parallel:closing loop
[1.096s] DEBUG:colcon.colcon_parallel_executor.executor.parallel:loop closed
[1.096s] DEBUG:colcon.colcon_parallel_executor.executor.parallel:run_until_complete finished with '0'
[1.096s] DEBUG:colcon.colcon_core.event_reactor:joining thread
[1.100s] INFO:colcon.colcon_core.plugin_system:Skipping extension 'colcon_notification.desktop_notification.terminal_notifier': Not used on non-Darwin systems
[1.100s] INFO:colcon.colcon_core.plugin_system:Skipping extension 'colcon_notification.desktop_notification.win32': Not used on non-Windows systems
[1.100s] INFO:colcon.colcon_notification.desktop_notification:Sending desktop notification using 'notify2'
[1.110s] DEBUG:colcon.colcon_core.event_reactor:joined thread
[1.110s] INFO:colcon.colcon_core.shell:Creating prefix script '/home/son/analyze_dashboard_pkg/install/local_setup.ps1'
[1.111s] INFO:colcon.colcon_core.shell:Creating prefix util module '/home/son/analyze_dashboard_pkg/install/_local_setup_util_ps1.py'
[1.112s] INFO:colcon.colcon_core.shell:Creating prefix chain script '/home/son/analyze_dashboard_pkg/install/setup.ps1'
[1.113s] INFO:colcon.colcon_core.shell:Creating prefix script '/home/son/analyze_dashboard_pkg/install/local_setup.sh'
[1.114s] INFO:colcon.colcon_core.shell:Creating prefix util module '/home/son/analyze_dashboard_pkg/install/_local_setup_util_sh.py'
[1.114s] INFO:colcon.colcon_core.shell:Creating prefix chain script '/home/son/analyze_dashboard_pkg/install/setup.sh'
[1.115s] INFO:colcon.colcon_core.shell:Creating prefix script '/home/son/analyze_dashboard_pkg/install/local_setup.bash'
[1.115s] INFO:colcon.colcon_core.shell:Creating prefix chain script '/home/son/analyze_dashboard_pkg/install/setup.bash'
[1.117s] INFO:colcon.colcon_core.shell:Creating prefix script '/home/son/analyze_dashboard_pkg/install/local_setup.zsh'
[1.118s] INFO:colcon.colcon_core.shell:Creating prefix chain script '/home/son/analyze_dashboard_pkg/install/setup.zsh'
