-- The C compiler identification is GNU 11.4.0
-- The CXX compiler identification is GNU 11.4.0
-- Detecting C compiler ABI info
-- Detecting C compiler ABI info - done
-- Check for working C compiler: /usr/bin/cc - skipped
-- Detecting C compile features
-- Detecting C compile features - done
-- Detecting CXX compiler ABI info
-- Detecting CXX compiler ABI info - done
-- Check for working CXX compiler: /usr/bin/c++ - skipped
-- Detecting CXX compile features
-- Detecting CXX compile features - done
-- Found ament_cmake: 1.3.11 (/opt/ros/humble/share/ament_cmake/cmake)
-- Found Python3: /usr/bin/python3 (found version "3.10.12") found components: Interpreter 
-- Found rclpy: 3.3.16 (/opt/ros/humble/share/rclpy/cmake)
-- Configuring done
-- Generating done
-- Build files have been written to: /home/son/analyze_dashboard_pkg/build/analyze_dashboard_pkg
-- Install configuration: ""
-- Installing: /home/son/analyze_dashboard_pkg/install/analyze_dashboard_pkg/share/ament_index/resource_index/package_run_dependencies/analyze_dashboard_pkg
-- Installing: /home/son/analyze_dashboard_pkg/install/analyze_dashboard_pkg/share/ament_index/resource_index/parent_prefix_path/analyze_dashboard_pkg
-- Installing: /home/son/analyze_dashboard_pkg/install/analyze_dashboard_pkg/share/analyze_dashboard_pkg/environment/ament_prefix_path.sh
-- Installing: /home/son/analyze_dashboard_pkg/install/analyze_dashboard_pkg/share/analyze_dashboard_pkg/environment/ament_prefix_path.dsv
-- Installing: /home/son/analyze_dashboard_pkg/install/analyze_dashboard_pkg/share/analyze_dashboard_pkg/environment/path.sh
-- Installing: /home/son/analyze_dashboard_pkg/install/analyze_dashboard_pkg/share/analyze_dashboard_pkg/environment/path.dsv
-- Installing: /home/son/analyze_dashboard_pkg/install/analyze_dashboard_pkg/share/analyze_dashboard_pkg/local_setup.bash
-- Installing: /home/son/analyze_dashboard_pkg/install/analyze_dashboard_pkg/share/analyze_dashboard_pkg/local_setup.sh
-- Installing: /home/son/analyze_dashboard_pkg/install/analyze_dashboard_pkg/share/analyze_dashboard_pkg/local_setup.zsh
-- Installing: /home/son/analyze_dashboard_pkg/install/analyze_dashboard_pkg/share/analyze_dashboard_pkg/local_setup.dsv
-- Installing: /home/son/analyze_dashboard_pkg/install/analyze_dashboard_pkg/share/analyze_dashboard_pkg/package.dsv
-- Installing: /home/son/analyze_dashboard_pkg/install/analyze_dashboard_pkg/share/ament_index/resource_index/packages/analyze_dashboard_pkg
-- Installing: /home/son/analyze_dashboard_pkg/install/analyze_dashboard_pkg/share/analyze_dashboard_pkg/cmake/analyze_dashboard_pkgConfig.cmake
-- Installing: /home/son/analyze_dashboard_pkg/install/analyze_dashboard_pkg/share/analyze_dashboard_pkg/cmake/analyze_dashboard_pkgConfig-version.cmake
-- Installing: /home/son/analyze_dashboard_pkg/install/analyze_dashboard_pkg/share/analyze_dashboard_pkg/package.xml
